<?xml version="1.0" encoding="UTF-8"?>
<!-- Generated by org.testng.reporters.JUnitReportReporter -->
<testsuite skipped="0" hostname="LAPTOP-QMQ0VG44" name="com.HOG.TestCases.TC_Tournament_003" tests="1" failures="0" timestamp="22 Sep 2020 13:00:28 GMT" time="66.838" errors="0">
  <testcase name="createTournament" time="66.838" classname="com.HOG.TestCases.TC_Tournament_003"/>
</testsuite> <!-- com.HOG.TestCases.TC_Tournament_003 -->
