<?xml version="1.0" encoding="UTF-8"?>
<!-- Generated by org.testng.reporters.JUnitReportReporter -->
<testsuite skipped="1" hostname="LAPTOP-QMQ0VG44" name="com.HOG.TestCases.TC_LoginDDT_002" tests="1" failures="0" timestamp="15 Sep 2020 07:43:20 GMT" time="0.000" errors="0">
  <testcase name="loginDDT" time="0.000" classname="com.HOG.TestCases.TC_LoginDDT_002">
    <skipped/>
  </testcase> <!-- loginDDT -->
</testsuite> <!-- com.HOG.TestCases.TC_LoginDDT_002 -->
