<?xml version="1.0" encoding="UTF-8"?>
<!-- Generated by org.testng.reporters.JUnitReportReporter -->
<testsuite skipped="0" hostname="LAPTOP-QMQ0VG44" name="extentreport_demo.ExtentReportDemo" tests="1" failures="0" timestamp="21 Sep 2020 06:35:09 GMT" time="11.354" errors="0">
  <testcase name="initialDemo" time="11.354" classname="extentreport_demo.ExtentReportDemo"/>
</testsuite> <!-- extentreport_demo.ExtentReportDemo -->
