<?xml version="1.0" encoding="UTF-8"?>
<!-- Generated by org.testng.reporters.JUnitReportReporter -->
<testsuite skipped="0" hostname="LAPTOP-QMQ0VG44" name="extentreport_demo.Test2" tests="1" failures="0" timestamp="24 Sep 2020 15:18:41 GMT" time="13.935" errors="0">
  <testcase name="googleDemo" time="13.935" classname="extentreport_demo.Test2"/>
</testsuite> <!-- extentreport_demo.Test2 -->
